[    0.000000] Linux version 4.15.0-212-generic (buildd@lcy02-amd64-083) (gcc version 7.5.0 (Ubuntu 7.5.0-3ubuntu1~18.04)) #223-Ubuntu SMP Tue May 23 13:09:22 UTC 2023 (Ubuntu 4.15.0-212.223-generic 4.15.18)
[    0.000000] Command line: BOOT_IMAGE=/boot/vmlinuz-4.15.0-212-generic root=LABEL=cloudimg-rootfs ro console=tty1 console=ttyS0
[    0.000000] KERNEL supported cpus:
[    0.000000]   Intel GenuineIntel
[    0.000000]   AMD AuthenticAMD
[    0.000000]   Centaur CentaurHauls
[    0.000000] x86/fpu: x87 FPU will use FXSAVE
[    0.000000] e820: BIOS-provided physical RAM map:
[    0.000000] BIOS-e820: [mem 0x0000000000000000-0x000000000009fbff] usable
[    0.000000] BIOS-e820: [mem 0x000000000009fc00-0x000000000009ffff] reserved
[    0.000000] BIOS-e820: [mem 0x00000000000f0000-0x00000000000fffff] reserved
[    0.000000] BIOS-e820: [mem 0x0000000000100000-0x000000003ffeffff] usable
[    0.000000] BIOS-e820: [mem 0x000000003fff0000-0x000000003fffffff] ACPI data
[    0.000000] BIOS-e820: [mem 0x00000000fec00000-0x00000000fec00fff] reserved
[    0.000000] BIOS-e820: [mem 0x00000000fee00000-0x00000000fee00fff] reserved
[    0.000000] BIOS-e820: [mem 0x00000000fffc0000-0x00000000ffffffff] reserved
[    0.000000] NX (Execute Disable) protection: active
[    0.000000] SMBIOS 2.5 present.
[    0.000000] DMI: innotek GmbH VirtualBox/VirtualBox, BIOS VirtualBox 12/01/2006
[    0.000000] Hypervisor detected: KVM
[    0.000000] e820: last_pfn = 0x3fff0 max_arch_pfn = 0x400000000
[    0.000000] MTRR: Disabled
[    0.000000] x86/PAT: MTRRs disabled, skipping PAT initialization too.
[    0.000000] CPU MTRRs all blank - virtualized system.
[    0.000000] x86/PAT: Configuration [0-7]: WB  WT  UC- UC  WB  WT  UC- UC  
[    0.000000] found SMP MP-table at [mem 0x0009fff0-0x0009ffff]
[    0.000000] Scanning 1 areas for low memory corruption
[    0.000000] RAMDISK: [mem 0x359cb000-0x36cdcfff]
[    0.000000] ACPI: Early table checksum verification disabled
[    0.000000] ACPI: RSDP 0x00000000000E0000 000024 (v02 VBOX  )
[    0.000000] ACPI: XSDT 0x000000003FFF0030 00003C (v01 VBOX   VBOXXSDT 00000001 ASL  00000061)
[    0.000000] ACPI: FACP 0x000000003FFF00F0 0000F4 (v04 VBOX   VBOXFACP 00000001 ASL  00000061)
[    0.000000] ACPI: DSDT 0x000000003FFF0610 002353 (v02 VBOX   VBOXBIOS 00000002 INTL 20100528)
[    0.000000] ACPI: FACS 0x000000003FFF0200 000040
[    0.000000] ACPI: FACS 0x000000003FFF0200 000040
[    0.000000] ACPI: APIC 0x000000003FFF0240 00005C (v02 VBOX   VBOXAPIC 00000001 ASL  00000061)
[    0.000000] ACPI: SSDT 0x000000003FFF02A0 00036C (v01 VBOX   VBOXCPUT 00000002 INTL 20100528)
[    0.000000] ACPI: Reserving FACP table memory at [mem 0x3fff00f0-0x3fff01e3]
[    0.000000] ACPI: Reserving DSDT table memory at [mem 0x3fff0610-0x3fff2962]
[    0.000000] ACPI: Reserving FACS table memory at [mem 0x3fff0200-0x3fff023f]
[    0.000000] ACPI: Reserving FACS table memory at [mem 0x3fff0200-0x3fff023f]
[    0.000000] ACPI: Reserving APIC table memory at [mem 0x3fff0240-0x3fff029b]
[    0.000000] ACPI: Reserving SSDT table memory at [mem 0x3fff02a0-0x3fff060b]
[    0.000000] No NUMA configuration found
[    0.000000] Faking a node at [mem 0x0000000000000000-0x000000003ffeffff]
[    0.000000] NODE_DATA(0) allocated [mem 0x3ffc5000-0x3ffeffff]
[    0.000000] kvm-clock: cpu 0, msr 0:3ff44001, primary cpu clock
[    0.000000] kvm-clock: Using msrs 4b564d01 and 4b564d00
[    0.000000] kvm-clock: using sched offset of 5320990929 cycles
[    0.000000] clocksource: kvm-clock: mask: 0xffffffffffffffff max_cycles: 0x1cd42e4dffb, max_idle_ns: 881590591483 ns
[    0.000000] Zone ranges:
[    0.000000]   DMA      [mem 0x0000000000001000-0x0000000000ffffff]
[    0.000000]   DMA32    [mem 0x0000000001000000-0x000000003ffeffff]
[    0.000000]   Normal   empty
[    0.000000]   Device   empty
[    0.000000] Movable zone start for each node
[    0.000000] Early memory node ranges
[    0.000000]   node   0: [mem 0x0000000000001000-0x000000000009efff]
[    0.000000]   node   0: [mem 0x0000000000100000-0x000000003ffeffff]
[    0.000000] Reserved but unavailable: 104 pages
[    0.000000] Initmem setup node 0 [mem 0x0000000000001000-0x000000003ffeffff]
[    0.000000] ACPI: PM-Timer IO Port: 0x4008
[    0.000000] IOAPIC[0]: apic_id 2, version 32, address 0xfec00000, GSI 0-23
[    0.000000] ACPI: INT_SRC_OVR (bus 0 bus_irq 0 global_irq 2 dfl dfl)
[    0.000000] ACPI: INT_SRC_OVR (bus 0 bus_irq 9 global_irq 9 low level)
[    0.000000] Using ACPI (MADT) for SMP configuration information
[    0.000000] smpboot: Allowing 2 CPUs, 0 hotplug CPUs
[    0.000000] PM: Registered nosave memory: [mem 0x00000000-0x00000fff]
[    0.000000] PM: Registered nosave memory: [mem 0x0009f000-0x0009ffff]
[    0.000000] PM: Registered nosave memory: [mem 0x000a0000-0x000effff]
[    0.000000] PM: Registered nosave memory: [mem 0x000f0000-0x000fffff]
[    0.000000] e820: [mem 0x40000000-0xfebfffff] available for PCI devices
[    0.000000] Booting paravirtualized kernel on KVM
[    0.000000] clocksource: refined-jiffies: mask: 0xffffffff max_cycles: 0xffffffff, max_idle_ns: 7645519600211568 ns
[    0.000000] setup_percpu: NR_CPUS:8192 nr_cpumask_bits:2 nr_cpu_ids:2 nr_node_ids:1
[    0.000000] percpu: Embedded 50 pages/cpu s167936 r8192 d28672 u1048576
[    0.000000] PV qspinlock hash table entries: 256 (order: 0, 4096 bytes)
[    0.000000] Built 1 zonelists, mobility grouping on.  Total pages: 257913
[    0.000000] Policy zone: DMA32
[    0.000000] Kernel command line: BOOT_IMAGE=/boot/vmlinuz-4.15.0-212-generic root=LABEL=cloudimg-rootfs ro console=tty1 console=ttyS0
[    0.000000] Memory: 982644K/1048120K available (12300K kernel code, 2477K rwdata, 4324K rodata, 2480K init, 2720K bss, 65476K reserved, 0K cma-reserved)
[    0.000000] SLUB: HWalign=64, Order=0-3, MinObjects=0, CPUs=2, Nodes=1
[    0.000000] ftrace: allocating 39508 entries in 155 pages
[    0.004000] Hierarchical RCU implementation.
[    0.004000] 	RCU restricting CPUs from NR_CPUS=8192 to nr_cpu_ids=2.
[    0.004000] 	Tasks RCU enabled.
[    0.004000] RCU: Adjusting geometry for rcu_fanout_leaf=16, nr_cpu_ids=2
[    0.004000] NR_IRQS: 524544, nr_irqs: 440, preallocated irqs: 16
[    0.004000] random: crng init done
[    0.004000] Console: colour VGA+ 80x25
[    0.004000] console [tty1] enabled
[    0.004000] console [ttyS0] enabled
[    0.004000] ACPI: Core revision 20170831
[    0.004000] ACPI: 2 ACPI AML tables successfully acquired and loaded
[    0.004000] APIC: Switch to symmetric I/O mode setup
[    0.004000] ..TIMER: vector=0x30 apic1=0 pin1=2 apic2=-1 pin2=-1
[    0.004016] tsc: Detected 2419.198 MHz processor
[    0.008027] Calibrating delay loop (skipped) preset value.. 4838.39 BogoMIPS (lpj=9676792)
[    0.012019] pid_max: default: 32768 minimum: 301
[    0.020245] Security Framework initialized
[    0.024012] Yama: becoming mindful.
[    0.028247] AppArmor: AppArmor initialized
[    0.049571] Dentry cache hash table entries: 131072 (order: 8, 1048576 bytes)
[    0.060084] Inode-cache hash table entries: 65536 (order: 7, 524288 bytes)
[    0.064262] Mount-cache hash table entries: 2048 (order: 2, 16384 bytes)
[    0.068222] Mountpoint-cache hash table entries: 2048 (order: 2, 16384 bytes)
[    0.079473] Last level iTLB entries: 4KB 0, 2MB 0, 4MB 0
[    0.080029] Last level dTLB entries: 4KB 0, 2MB 0, 4MB 0, 1GB 0
[    0.084020] Spectre V1 : Mitigation: usercopy/swapgs barriers and __user pointer sanitization
[    0.088018] Spectre V2 : Mitigation: Enhanced IBRS
[    0.092011] Spectre V2 : Spectre v2 / SpectreRSB mitigation: Filling RSB on context switch
[    0.096011] Spectre V2 : Spectre v2 / PBRSB-eIBRS: Retire a single CALL on VMEXIT
[    0.100013] RETBleed: Mitigation: Enhanced IBRS
[    0.104010] Speculative Store Bypass: Vulnerable
[    0.108547] Freeing SMP alternatives memory: 36K
[    0.232013] APIC calibration not consistent with PM-Timer: 103ms instead of 100ms
[    0.236000] APIC delta adjusted to PM-Timer: 6305680 (6497148)
[    0.236916] smpboot: CPU0: 11th Gen Intel(R) Core(TM) i5-1135G7 @ 2.40GHz (family: 0x6, model: 0x8c, stepping: 0x1)
[    0.245076] Performance Events: unsupported p6 CPU model 140 no PMU driver, software events only.
[    0.252064] Hierarchical SRCU implementation.
[    0.260652] NMI watchdog: Perf event create on CPU 0 failed with -2
[    0.264010] NMI watchdog: Perf NMI watchdog permanently disabled
[    0.269074] smp: Bringing up secondary CPUs ...
[    0.274346] x86: Booting SMP configuration:
[    0.276015] .... node  #0, CPUs:      #1
[    0.004000] kvm-clock: cpu 1, msr 0:3ff44041, secondary cpu clock
[    0.306123] TSC synchronization [CPU#0 -> CPU#1]:
[    0.308000] Measured 130045 cycles TSC warp between CPUs, turning off TSC clock.
[    0.308000] tsc: Marking TSC unstable due to check_tsc_sync_source failed
[    0.312655] smp: Brought up 1 node, 2 CPUs
[    0.316021] smpboot: Max logical packages: 1
[    0.320023] smpboot: Total of 2 processors activated (9676.79 BogoMIPS)
[    0.332023] devtmpfs: initialized
[    0.336381] x86/mm: Memory block size: 128MB
[    0.344221] evm: security.selinux
[    0.348012] evm: security.SMACK64
[    0.352013] evm: security.SMACK64EXEC
[    0.356011] evm: security.SMACK64TRANSMUTE
[    0.360012] evm: security.SMACK64MMAP
[    0.364008] evm: security.apparmor
[    0.368013] evm: security.ima
[    0.372009] evm: security.capability
[    0.381347] clocksource: jiffies: mask: 0xffffffff max_cycles: 0xffffffff, max_idle_ns: 7645041785100000 ns
[    0.384107] futex hash table entries: 512 (order: 3, 32768 bytes)
[    0.388513] pinctrl core: initialized pinctrl subsystem
[    0.393446] RTC time: 18:25:42, date: 07/03/24
[    0.404583] NET: Registered protocol family 16
[    0.408346] audit: initializing netlink subsys (disabled)
[    0.416227] audit: type=2000 audit(1720031147.448:1): state=initialized audit_enabled=0 res=1
[    0.440029] cpuidle: using governor ladder
[    0.444034] cpuidle: using governor menu
[    0.448250] ACPI: bus type PCI registered
[    0.452013] acpiphp: ACPI Hot Plug PCI Controller Driver version: 0.5
[    0.457423] PCI: Using configuration type 1 for base access
[    0.480412] HugeTLB registered 2.00 MiB page size, pre-allocated 0 pages
[    0.496747] ACPI: Added _OSI(Module Device)
[    0.500025] ACPI: Added _OSI(Processor Device)
[    0.504022] ACPI: Added _OSI(3.0 _SCP Extensions)
[    0.508012] ACPI: Added _OSI(Processor Aggregator Device)
[    0.516031] ACPI: Added _OSI(Linux-Dell-Video)
[    0.520009] ACPI: Added _OSI(Linux-Lenovo-NV-HDMI-Audio)
[    0.524011] ACPI: Added _OSI(Linux-HPI-Hybrid-Graphics)
[    0.530029] ACPI: Executed 1 blocks of module-level executable AML code
[    0.546774] ACPI: Interpreter enabled
[    0.548048] ACPI: (supports S0 S5)
[    0.552006] ACPI: Using IOAPIC for interrupt routing
[    0.560356] PCI: Using host bridge windows from ACPI; if necessary, use "pci=nocrs" and report a bug
[    0.564673] ACPI: Enabled 2 GPEs in block 00 to 07
[    0.599056] ACPI: PCI Root Bridge [PCI0] (domain 0000 [bus 00-ff])
[    0.600031] acpi PNP0A03:00: _OSC: OS supports [ASPM ClockPM Segments MSI]
[    0.606022] acpi PNP0A03:00: _OSC: not requesting OS control; OS requires [ExtendedConfig ASPM ClockPM MSI]
[    0.608050] acpi PNP0A03:00: fail to add MMCONFIG information, can't access extended PCI configuration space under this bridge.
[    0.612869] PCI host bridge to bus 0000:00
[    0.616021] pci_bus 0000:00: root bus resource [io  0x0000-0x0cf7 window]
[    0.620019] pci_bus 0000:00: root bus resource [io  0x0d00-0xffff window]
[    0.624016] pci_bus 0000:00: root bus resource [mem 0x000a0000-0x000bffff window]
[    0.628018] pci_bus 0000:00: root bus resource [mem 0x40000000-0xfdffffff window]
[    0.632022] pci_bus 0000:00: root bus resource [bus 00-ff]
[    0.654853] pci 0000:00:01.1: legacy IDE quirk: reg 0x10: [io  0x01f0-0x01f7]
[    0.656014] pci 0000:00:01.1: legacy IDE quirk: reg 0x14: [io  0x03f6]
[    0.660016] pci 0000:00:01.1: legacy IDE quirk: reg 0x18: [io  0x0170-0x0177]
[    0.664016] pci 0000:00:01.1: legacy IDE quirk: reg 0x1c: [io  0x0376]
[    0.718284] pci 0000:00:07.0: quirk: [io  0x4000-0x403f] claimed by PIIX4 ACPI
[    0.720111] pci 0000:00:07.0: quirk: [io  0x4100-0x410f] claimed by PIIX4 SMB
[    0.746426] ACPI: PCI Interrupt Link [LNKA] (IRQs 5 9 10 *11)
[    0.753058] ACPI: PCI Interrupt Link [LNKB] (IRQs 5 9 *10 11)
[    0.756494] ACPI: PCI Interrupt Link [LNKC] (IRQs 5 *9 10 11)
[    0.760727] ACPI: PCI Interrupt Link [LNKD] (IRQs 5 9 10 *11)
[    0.765614] SCSI subsystem initialized
[    0.768397] pci 0000:00:02.0: vgaarb: setting as boot VGA device
[    0.772000] pci 0000:00:02.0: vgaarb: VGA device added: decodes=io+mem,owns=io+mem,locks=none
[    0.772025] pci 0000:00:02.0: vgaarb: bridge control possible
[    0.776012] vgaarb: loaded
[    0.780225] ACPI: bus type USB registered
[    0.788018] usbcore: registered new interface driver usbfs
[    0.796130] usbcore: registered new interface driver hub
[    0.800062] usbcore: registered new device driver usb
[    0.808318] EDAC MC: Ver: 3.0.0
[    0.817168] PCI: Using ACPI for IRQ routing
[    0.825663] NetLabel: Initializing
[    0.828009] NetLabel:  domain hash size = 128
[    0.832009] NetLabel:  protocols = UNLABELED CIPSOv4 CALIPSO
[    0.836100] NetLabel:  unlabeled traffic allowed by default
[    0.844611] clocksource: Switched to clocksource kvm-clock
[    0.873561] VFS: Disk quotas dquot_6.6.0
[    0.873561] VFS: Dquot-cache hash table entries: 512 (order 0, 4096 bytes)
[    0.873561] AppArmor: AppArmor Filesystem Enabled
[    0.873561] pnp: PnP ACPI init
[    0.873561] pnp: PnP ACPI: found 3 devices
[    1.110494] clocksource: acpi_pm: mask: 0xffffff max_cycles: 0xffffff, max_idle_ns: 2085701024 ns
[    1.113254] NET: Registered protocol family 2
[    1.113254] IP idents hash table entries: 16384 (order: 5, 131072 bytes)
[    1.145253] TCP established hash table entries: 8192 (order: 4, 65536 bytes)
[    1.161429] TCP bind hash table entries: 8192 (order: 5, 131072 bytes)
[    1.178340] TCP: Hash tables configured (established 8192 bind 8192)
[    1.180944] UDP hash table entries: 512 (order: 2, 16384 bytes)
[    1.204732] UDP-Lite hash table entries: 512 (order: 2, 16384 bytes)
[    1.219474] NET: Registered protocol family 1
[    1.223092] pci 0000:00:00.0: Limiting direct PCI/PCI transfers
[    1.223092] pci 0000:00:01.0: Activating ISA DMA hang workarounds
[    1.223092] pci 0000:00:02.0: Video device with shadowed ROM at [mem 0x000c0000-0x000dffff]
[    1.280789] Unpacking initramfs...
[    2.238062] Freeing initrd memory: 19528K
[    2.238062] clocksource: tsc: mask: 0xffffffffffffffff max_cycles: 0x22df0f35937, max_idle_ns: 440795269039 ns
[    2.238062] platform rtc_cmos: registered platform RTC device (no PNP device found)
[    2.238062] Scanning for low memory corruption every 60 seconds
[    2.370130] Initialise system trusted keyrings
[    2.378162] Key type blacklist registered
[    2.394416] workingset: timestamp_bits=36 max_order=18 bucket_order=0
[    2.417851] zbud: loaded
[    2.438552] squashfs: version 4.0 (2009/01/31) Phillip Lougher
[    2.459416] fuse init (API version 7.26)
[    2.521568] Key type asymmetric registered
[    2.531119] Asymmetric key parser 'x509' registered
[    2.541967] Block layer SCSI generic (bsg) driver version 0.4 loaded (major 246)
[    2.560514] io scheduler noop registered
[    2.568084] io scheduler deadline registered
[    2.579098] io scheduler cfq registered (default)
[    2.590693] ACPI: AC Adapter [AC] (off-line)
[    2.602471] input: Power Button as /devices/LNXSYSTM:00/LNXPWRBN:00/input/input0
[    2.619504] ACPI: Power Button [PWRF]
[    2.630237] input: Sleep Button as /devices/LNXSYSTM:00/LNXSLPBN:00/input/input1
[    2.645321] ACPI: Sleep Button [SLPF]
[    2.659851] ACPI: Battery Slot [BAT0] (battery present)
[    2.673567] Serial: 8250/16550 driver, 32 ports, IRQ sharing enabled
[    2.717444] 00:02: ttyS0 at I/O 0x3f8 (irq = 4, base_baud = 115200) is a 16550A
[    2.749924] Linux agpgart interface v0.103
[    2.768800] loop: module loaded
[    2.783774] scsi host0: ata_piix
[    2.794837] scsi host1: ata_piix
[    2.802822] ata1: PATA max UDMA/33 cmd 0x1f0 ctl 0x3f6 bmdma 0xd000 irq 14
[    2.816749] ata2: PATA max UDMA/33 cmd 0x170 ctl 0x376 bmdma 0xd008 irq 15
[    2.831162] tun: Universal TUN/TAP device driver, 1.6
[    2.848354] PPP generic driver version 2.4.2
[    2.857415] ehci_hcd: USB 2.0 'Enhanced' Host Controller (EHCI) Driver
[    2.872068] ehci-pci: EHCI PCI platform driver
[    2.875925] ehci-platform: EHCI generic platform driver
[    2.875925] ohci_hcd: USB 1.1 'Open' Host Controller (OHCI) Driver
[    2.875925] ohci-pci: OHCI PCI platform driver
[    2.875925] ohci-platform: OHCI generic platform driver
[    2.875925] uhci_hcd: USB Universal Host Controller Interface driver
[    2.875925] i8042: PNP: PS/2 Controller [PNP0303:PS2K,PNP0f03:PS2M] at 0x60,0x64 irq 1,12
[    2.875925] serio: i8042 KBD port at 0x60,0x64 irq 1
[    2.875925] serio: i8042 AUX port at 0x60,0x64 irq 12
[    2.875925] mousedev: PS/2 mouse device common for all mice
[    2.997819] rtc_cmos rtc_cmos: rtc core: registered rtc_cmos as rtc0
[    3.017070] rtc_cmos rtc_cmos: alarms up to one day, 114 bytes nvram
[    3.032915] i2c /dev entries driver
[    3.041230] device-mapper: uevent: version 1.0.3
[    3.052894] device-mapper: ioctl: 4.37.0-ioctl (2017-09-20) initialised: dm-devel@redhat.com
[    3.127416] ledtrig-cpu: registered to indicate activity on CPUs
[    3.143756] input: AT Translated Set 2 keyboard as /devices/platform/i8042/serio0/input/input2
[    3.168893] NET: Registered protocol family 10
[    3.205844] Segment Routing with IPv6
[    3.215193] NET: Registered protocol family 17
[    3.226024] Key type dns_resolver registered
[    3.234895] mce: Using 0 MCE banks
[    3.238267] RAS: Correctable Errors collector initialized.
[    3.246333] sched_clock: Marking stable (3246075161, 0)->(5715615516, -2469540355)
[    3.266554] registered taskstats version 1
[    3.275801] Loading compiled-in X.509 certificates
[    3.293306] Loaded X.509 cert 'Build time autogenerated kernel key: b5b26778eaa3ab3a4a6cee031137706e947d12ad'
[    3.317438] Loaded X.509 cert 'Canonical Ltd. Live Patch Signing: 14df34d1a87cf37625abec039ef2bf521249b969'
[    3.342893] Loaded X.509 cert 'Canonical Ltd. Kernel Module Signing: 88f752e560a1e0737e31163a466ad7b70a850c19'
[    3.366909] blacklist: Loading compiled-in revocation X.509 certificates
[    3.379643] Loaded X.509 cert 'Canonical Ltd. Secure Boot Signing: 61482aa2830d0ab2ad5af10b7250da9033ddcef0'
[    3.395782] Loaded X.509 cert 'Canonical Ltd. Secure Boot Signing (2017): 242ade75ac4a15e50d50c84b0d45ff3eae707a03'
[    3.412772] Loaded X.509 cert 'Canonical Ltd. Secure Boot Signing (ESM 2018): 365188c1d374d6b07c3c8f240f8ef722433d6a8b'
[    3.433419] Loaded X.509 cert 'Canonical Ltd. Secure Boot Signing (2019): c0746fd6c5da3ae827864651ad66ae47fe24b3e8'
[    3.451100] Loaded X.509 cert 'Canonical Ltd. Secure Boot Signing (2021 v1): a8d54bbb3825cfb94fa13c9f8a594a195c107b8d'
[    3.466062] Loaded X.509 cert 'Canonical Ltd. Secure Boot Signing (2021 v2): 4cf046892d6fd3c9a5b03f98d845f90851dc6a8c'
[    3.481444] Loaded X.509 cert 'Canonical Ltd. Secure Boot Signing (2021 v3): 100437bb6de6e469b581e61cd66bce3ef4ed53af'
[    3.497993] Loaded X.509 cert 'Canonical Ltd. Secure Boot Signing (Ubuntu Core 2019): c1d57b8f6b743f23ee41f4f7ee292f06eecadfb9'
[    3.521026] zswap: loaded using pool lzo/zbud
[    3.556934] Key type big_key registered
[    3.568970] Key type trusted registered
[    3.590196] Key type encrypted registered
[    3.599872] AppArmor: AppArmor sha1 policy hashing enabled
[    3.612534] ima: No TPM chip found, activating TPM-bypass! (rc=-19)
[    3.626903] ima: Allocated hash algorithm: sha1
[    3.638531] evm: HMAC attrs: 0x1
[    3.650895]   Magic number: 0:515:442
[    3.661759] rtc_cmos rtc_cmos: setting system clock to 2024-07-03 18:25:46 UTC (1720031146)
[    3.680748] BIOS EDD facility v0.16 2004-Jun-25, 0 devices found
[    3.691630] EDD information not available.
[    3.711319] Freeing unused kernel image memory: 2480K
[    3.739609] Write protecting the kernel read-only data: 20480k
[    3.754696] Freeing unused kernel image memory: 2008K
[    3.769805] Freeing unused kernel image memory: 1820K
[    3.789140] x86/mm: Checked W+X mappings: passed, no W+X pages found.
Loading, please wait...
starting version 237
[    4.041658] e1000: Intel(R) PRO/1000 Network Driver - version 7.3.21-k8-NAPI
[    4.052928] e1000: Copyright (c) 1999-2006 Intel Corporation.
[    4.081711] Fusion MPT base driver 3.04.20
[    4.090798] Copyright (c) 1999-2008 LSI Corporation
[    4.462434] Fusion MPT SPI Host driver 3.04.20
[    4.525239] SSE version of gcm_enc/dec engaged.
[    4.812663] input: ImExPS/2 Generic Explorer Mouse as /devices/platform/i8042/serio1/input/input4
[    6.190924] e1000 0000:00:03.0 eth0: (PCI:33MHz:32-bit) 02:3b:7b:b7:3b:2d
[    6.203450] e1000 0000:00:03.0 eth0: Intel(R) PRO/1000 Network Connection
[    7.863242] e1000 0000:00:08.0 eth1: (PCI:33MHz:32-bit) 08:00:27:95:e3:c3
[    7.878086] e1000 0000:00:08.0 eth1: Intel(R) PRO/1000 Network Connection
[    7.898183] mptbase: ioc0: Initiating bringup
[    7.899630] e1000 0000:00:03.0 enp0s3: renamed from eth0
[14777.279429] INFO: rcu_sched self-detected stall on CPU
[14777.293305] 	1-...!: (1 ticks this GP) idle=caa/140000000000001/0 softirq=847/847 fqs=1 
[14777.320098] 	 (t=393805 jiffies g=-147 c=-148 q=129)
[14777.335016] INFO: rcu_sched detected stalls on CPUs/tasks:
[14777.456878] rcu_sched kthread starved for 393802 jiffies! g18446744073709551469 c18446744073709551468 f0x0 RCU_GP_WAIT_FQS(3) ->state=0x402 ->cpu=0
[14777.456881] rcu_sched       I    0     8      2 0x80000000
[14777.456886] Call Trace:
[14777.457049]  __schedule+0x24e/0x890
[14777.457053]  schedule+0x2c/0x80
[14777.457055]  schedule_timeout+0x15d/0x370
[14777.457062]  ? __next_timer_interrupt+0xe0/0xe0
[14777.457066]  rcu_gp_kthread+0x53a/0x980
[14777.457123]  kthread+0x121/0x140
[14777.457126]  ? rcu_note_context_switch+0x150/0x150
[14777.457128]  ? kthread_create_worker_on_cpu+0x70/0x70
[14777.457131]  ret_from_fork+0x1f/0x40
[14777.457299] NMI backtrace for cpu 1
[14777.457305] CPU: 1 PID: 160 Comm: systemd-udevd Not tainted 4.15.0-212-generic #223-Ubuntu
[14777.457306] Hardware name: innotek GmbH VirtualBox/VirtualBox, BIOS VirtualBox 12/01/2006
[14777.457307] Call Trace:
[14777.457309]  <IRQ>
[14777.457317]  dump_stack+0x6d/0x8b
[14777.457320]  nmi_cpu_backtrace+0x94/0xa0
[14777.457352]  ? lapic_can_unplug_cpu+0xb0/0xb0
[14777.457355]  nmi_trigger_cpumask_backtrace+0xe7/0x130
[14777.457356]  arch_trigger_cpumask_backtrace+0x19/0x20
[14777.457361]  rcu_dump_cpu_stacks+0xa3/0xd5
[14777.457364]  rcu_check_callbacks+0x6cd/0x8e0
[14777.457369]  ? tick_sched_do_timer+0x50/0x50
[14777.457370]  update_process_times+0x2f/0x60
[14777.457372]  tick_sched_handle+0x26/0x70
[14777.457374]  ? tick_sched_do_timer+0x42/0x50
[14777.457376]  tick_sched_timer+0x39/0x80
[14777.457379]  __hrtimer_run_queues+0xdf/0x230
[14777.457381]  hrtimer_interrupt+0x97/0x180
[14777.457384]  smp_apic_timer_interrupt+0x6f/0x140
[14777.457386]  apic_timer_interrupt+0x90/0xa0
[14777.457390]  </IRQ>
[14777.457396] RIP: 0010:exit_to_usermode_loop+0x4f/0xd0
[14777.457397] RSP: 0000:ffffbd14003ebf18 EFLAGS: 00010202 ORIG_RAX: ffffffffffffff11
[14777.457400] RAX: 0000000000000004 RBX: 0000000000000004 RCX: 0000000000000000
[14777.457401] RDX: ffff983cbfd00000 RSI: 0000000000000004 RDI: ffffbd14003ebf58
[14777.457402] RBP: ffffbd14003ebf28 R08: 0000000000000000 R09: 0000000000000000
[14777.457404] R10: 0000000000000000 R11: 0000000000000000 R12: ffffbd14003ebf58
[14777.457405] R13: 0000000000000000 R14: 0000000000000000 R15: 0000000000000000
[14777.457408]  ? exit_to_usermode_loop+0x73/0xd0
[14777.457410]  prepare_exit_to_usermode+0x83/0x90
[14777.457412]  retint_user+0x8/0x8
[14777.457416] RIP: 0033:0x7f5c50fc702f
[14777.457417] RSP: 002b:00007ffd1ed406b8 EFLAGS: 00010246 ORIG_RAX: ffffffffffffff02
[14777.457419] RAX: 0000000000000000 RBX: 000055eecd9ce260 RCX: 00007f5c50fc7031
[14777.457420] RDX: 0000000000001000 RSI: 000055eecd9ff3d0 RDI: 0000000000000005
[14777.457421] RBP: 00007f5c5129f2a0 R08: 0000000000000000 R09: 0000000000000000
[14777.457422] R10: 000055eecd9ce010 R11: 0000000000000246 R12: 000055eecd9ff3d0
[14777.457423] R13: 0000000000001001 R14: 0000000000000d68 R15: 0000000000001001
[14777.457779] INFO: rcu_sched self-detected stall on CPU
[14777.457824] 	1-...!: (2 ticks this GP) idle=caa/140000000000001/0 softirq=847/847 fqs=1 
[14777.457825] 	 (t=3692385 jiffies g=-147 c=-148 q=129)
[14777.457834] rcu_sched kthread starved for 3692382 jiffies! g18446744073709551469 c18446744073709551468 f0x0 RCU_GP_WAIT_FQS(3) ->state=0x200 ->cpu=0
[14777.457836] rcu_sched       R    0     8      2 0x80000000
[14777.457841] Call Trace:
[14777.457855]  __schedule+0x24e/0x890
[14777.457861]  schedule+0x2c/0x80
[14777.457866]  schedule_timeout+0x15d/0x370
[14777.457871]  ? __next_timer_interrupt+0xe0/0xe0
[14777.457875]  rcu_gp_kthread+0x53a/0x980
[14777.457879]  kthread+0x121/0x140
[14777.457881]  ? rcu_note_context_switch+0x150/0x150
[14777.457884]  ? kthread_create_worker_on_cpu+0x70/0x70
[14777.457885]  ret_from_fork+0x1f/0x40
[14777.457888] NMI backtrace for cpu 1
[14777.457926] CPU: 1 PID: 160 Comm: systemd-udevd Not tainted 4.15.0-212-generic #223-Ubuntu
[14777.457927] Hardware name: innotek GmbH VirtualBox/VirtualBox, BIOS VirtualBox 12/01/2006
[14777.457928] Call Trace:
[14777.457929]  <IRQ>
[14777.457931]  dump_stack+0x6d/0x8b
[14777.457934]  nmi_cpu_backtrace+0x94/0xa0
[14777.457938]  ? lapic_can_unplug_cpu+0xb0/0xb0
[14777.457939]  nmi_trigger_cpumask_backtrace+0xe7/0x130
[14777.457941]  arch_trigger_cpumask_backtrace+0x19/0x20
[14777.457943]  rcu_dump_cpu_stacks+0xa3/0xd5
[14777.457946]  rcu_check_callbacks+0x6cd/0x8e0
[14777.457949]  ? tick_sched_do_timer+0x50/0x50
[14777.457950]  update_process_times+0x2f/0x60
[14777.457953]  tick_sched_handle+0x26/0x70
[14777.457955]  ? tick_sched_do_timer+0x42/0x50
[14777.457956]  tick_sched_timer+0x39/0x80
[14777.457959]  __hrtimer_run_queues+0xdf/0x230
[14777.457961]  hrtimer_interrupt+0x97/0x180
[14777.457963]  smp_apic_timer_interrupt+0x6f/0x140
[14777.457965]  apic_timer_interrupt+0x90/0xa0
[14777.457966]  </IRQ>
[14777.457970] RIP: 0010:exit_to_usermode_loop+0x4f/0xd0
[14777.457971] RSP: 0000:ffffbd14003ebf18 EFLAGS: 00010202 ORIG_RAX: ffffffffffffff11
[14777.457973] RAX: 0000000000000004 RBX: 0000000000000004 RCX: 0000000000000000
[14777.457974] RDX: ffff983cbfd00000 RSI: 0000000000000004 RDI: ffffbd14003ebf58
[14777.457975] RBP: ffffbd14003ebf28 R08: 0000000000000000 R09: 0000000000000000
[14777.457976] R10: 0000000000000000 R11: 0000000000000000 R12: ffffbd14003ebf58
[14777.457977] R13: 0000000000000000 R14: 0000000000000000 R15: 0000000000000000
[14777.457980]  ? exit_to_usermode_loop+0x73/0xd0
[14777.457983]  prepare_exit_to_usermode+0x83/0x90
[14777.457984]  retint_user+0x8/0x8
[14777.457986] RIP: 0033:0x7f5c50fc702f
[14777.457987] RSP: 002b:00007ffd1ed406b8 EFLAGS: 00010246 ORIG_RAX: ffffffffffffff02
[14777.457989] RAX: 0000000000000000 RBX: 000055eecd9ce260 RCX: 00007f5c50fc7031
[14777.457990] RDX: 0000000000001000 RSI: 000055eecd9ff3d0 RDI: 0000000000000005
[14777.457991] RBP: 00007f5c5129f2a0 R08: 0000000000000000 R09: 0000000000000000
[14777.457992] R10: 000055eecd9ce010 R11: 0000000000000246 R12: 000055eecd9ff3d0
[14777.457993] R13: 0000000000001001 R14: 0000000000000d68 R15: 0000000000001001
[14779.758554] 	(detected by 0, t=3692960 jiffies, g=-147, c=-148, q=145)
[14779.768510] All QSes seen, last rcu_sched kthread activity 3692959 (4298587238-4294894279), jiffies_till_next_fqs=1, root ->qsmask 0x0
[14779.794600] systemd-udevd   R  running task        0   145      1 0x00000000
[14779.805903] Call Trace:
[14779.811202]  <IRQ>
[14779.815915]  sched_show_task+0xfe/0x130
[14779.822285]  rcu_check_callbacks+0x8d6/0x8e0
[14779.829631]  ? tick_sched_do_timer+0x50/0x50
[14779.838019]  update_process_times+0x2f/0x60
[14779.844760]  tick_sched_handle+0x26/0x70
[14779.851574]  ? tick_sched_do_timer+0x50/0x50
[14779.858576]  tick_sched_timer+0x39/0x80
[14779.865617]  __hrtimer_run_queues+0xdf/0x230
[14779.872411]  hrtimer_interrupt+0x97/0x180
[14779.879294]  smp_apic_timer_interrupt+0x6f/0x140
[14779.887360]  apic_timer_interrupt+0x90/0xa0
[14779.894493]  </IRQ>
[14779.898291] RIP: 0010:_raw_spin_unlock_irqrestore+0x15/0x20
[14779.908595] RSP: 0018:ffffbd14003e3db8 EFLAGS: 00010246 ORIG_RAX: ffffffffffffff11
[14779.923470] RAX: 0000000000000001 RBX: ffff983cb98b8000 RCX: 0000000000000001
[14779.940620] RDX: 00000000000008fd RSI: 0000000000000246 RDI: 0000000000000246
[14779.959254] RBP: ffffbd14003e3db8 R08: ffff983cbd88f440 R09: 0000000000000008
[14779.975476] R10: 0000000000000008 R11: 0000000000000000 R12: 0000000000000000
[14779.986873] R13: 0000000000000009 R14: ffffbd14003e3e68 R15: 0000000000000009
[14779.998840]  do_send_sig_info+0x6c/0xa0
[14780.013885]  group_send_sig_info+0x35/0x40
[14780.021437]  kill_pid_info+0x46/0x60
[14780.027852]  SYSC_kill+0x108/0x1c0
[14780.036018]  ? kvm_clock_get_cycles+0x1e/0x20
[14780.044581]  ? ktime_get_with_offset+0x54/0xd0
[14780.053308]  ? _copy_to_user+0x26/0x30
[14780.061602]  ? put_timespec64+0x3f/0x60
[14780.068637]  SyS_kill+0xe/0x10
[14780.075064]  do_syscall_64+0x73/0x130
[14780.083620]  entry_SYSCALL_64_after_hwframe+0x59/0xbe
[14780.096195] RIP: 0033:0x7f5c50ef6177
[14780.102996] RSP: 002b:00007ffd1ed48048 EFLAGS: 00000206 ORIG_RAX: 000000000000003e
[14780.115549] RAX: ffffffffffffffda RBX: 000055eecd9d6da0 RCX: 00007f5c50ef6177
[14780.135575] RDX: 000055eecd9d6da0 RSI: 0000000000000009 RDI: 00000000000000a0
[14780.146865] RBP: 00007ffd1ed48090 R08: 000055eecd9de9fc R09: 000055eecda1a44c
[14780.162132] R10: 000055eecda1a3d0 R11: 0000000000000206 R12: 00007ffd1ed48088
[14780.175149] R13: 0000000000000003 R14: 000055eeccc0c5bd R15: 0000000000000001
[14780.203049] rcu_sched kthread starved for 3693066 jiffies! g18446744073709551469 c18446744073709551468 f0x2 RCU_GP_WAIT_FQS(3) ->state=0x200 ->cpu=0
[14780.248043] rcu_sched       R    0     8      2 0x80000000
[14780.258432] Call Trace:
[14780.264025]  __schedule+0x24e/0x890
[14780.270346]  schedule+0x2c/0x80
[14780.280127]  schedule_timeout+0x15d/0x370
[14780.291000]  ? __next_timer_interrupt+0xe0/0xe0
[14780.305806]  rcu_gp_kthread+0x53a/0x980
[14780.350438]  kthread+0x121/0x140
[14780.360671]  ? rcu_note_context_switch+0x150/0x150
[14780.372951]  ? kthread_create_worker_on_cpu+0x70/0x70
[14780.383097]  ret_from_fork+0x1f/0x40
[14780.514028] ioc0: LSI53C1030 A0: Capabilities={Initiator}
[14780.809392] scsi host2: ioc0: LSI53C1030 A0, FwRev=00000000h, Ports=1, MaxQ=256, IRQ=20
[14780.997463] scsi 2:0:0:0: Direct-Access     VBOX     HARDDISK         1.0  PQ: 0 ANSI: 5
[14781.044910] scsi target2:0:0: Beginning Domain Validation
[14781.070123] scsi target2:0:0: Domain Validation skipping write tests
[14781.083097] scsi target2:0:0: Ending Domain Validation
[14781.093637] scsi target2:0:0: asynchronous
[14781.107845] scsi 2:0:1:0: Direct-Access     VBOX     HARDDISK         1.0  PQ: 0 ANSI: 5
[14781.155289] scsi target2:0:1: Beginning Domain Validation
[14781.184232] scsi target2:0:1: Domain Validation skipping write tests
[14781.195998] scsi target2:0:1: Ending Domain Validation
[14781.207428] scsi target2:0:1: asynchronous
[14781.245921] sd 2:0:0:0: Attached scsi generic sg0 type 0
[14781.257853] sd 2:0:1:0: Attached scsi generic sg1 type 0
[14781.269776] sd 2:0:0:0: [sda] 83886080 512-byte logical blocks: (42.9 GB/40.0 GiB)
[14781.286897] sd 2:0:1:0: [sdb] 20480 512-byte logical blocks: (10.5 MB/10.0 MiB)
[14781.292493] sd 2:0:0:0: [sda] Write Protect is off
[14781.313110] sd 2:0:1:0: [sdb] Write Protect is off
[14781.313828] sd 2:0:0:0: [sda] Incomplete mode parameter data
[14781.336401] sd 2:0:0:0: [sda] Assuming drive cache: write through
[14781.347792] sd 2:0:1:0: [sdb] Incomplete mode parameter data
[14781.360873] sd 2:0:1:0: [sdb] Assuming drive cache: write through
[14781.368038]  sda: sda1
[14781.384661] sd 2:0:0:0: [sda] Attached SCSI disk
[14781.410948] sd 2:0:1:0: [sdb] Attached SCSI disk
Begin: Loading essential drivers ... [14784.388749] raid6: sse2x1   gen()  4287 MB/s
[14784.462089] raid6: sse2x1   xor()  6049 MB/s
[14784.524425] raid6: sse2x2   gen() 13153 MB/s
[14784.586361] raid6: sse2x2   xor()  8246 MB/s
[14784.647551] raid6: sse2x4   gen() 11977 MB/s
[14784.700423] raid6: sse2x4   xor()  6421 MB/s
[14784.707788] raid6: using algorithm sse2x2 gen() 13153 MB/s
[14784.718183] raid6: .... xor() 8246 MB/s, rmw enabled
[14784.725200] raid6: using ssse3x2 recovery algorithm
[14784.745055] xor: measuring software checksum speed
[14784.788890]    prefetch64-sse: 12365.000 MB/sec
[14784.848835]    generic_sse: 11909.000 MB/sec
[14784.863646] xor: using function: prefetch64-sse (12365.000 MB/sec)
[14784.880658] async_tx: api initialized (async)
done.
Begin: Running /scripts/init-premount ... done.
Begin: Mounting root file system ... Begin: Running /scripts/local-top ... done.
Begin: Running /scripts/local-premount ... [14785.050270] Btrfs loaded, crc32c=crc32c-intel
Scanning for Btrfs filesystems
done.
Warning: fsck not present, so skipping root file system
[14785.194301] EXT4-fs (sda1): mounted filesystem with ordered data mode. Opts: (null)
done.
Begin: Running /scripts/local-bottom ... done.
Begin: Running /scripts/init-bottom ... done.
[14785.703034] ip_tables: (C) 2000-2006 Netfilter Core Team
[14785.754022] systemd[1]: systemd 237 running in system mode. (+PAM +AUDIT +SELINUX +IMA +APPARMOR +SMACK +SYSVINIT +UTMP +LIBCRYPTSETUP +GCRYPT +GNUTLS +ACL +XZ +LZ4 +SECCOMP +BLKID +ELFUTILS +KMOD -IDN2 +IDN -PCRE2 default-hierarchy=hybrid)
[14785.789032] systemd[1]: Detected virtualization oracle.
[14785.797284] systemd[1]: Detected architecture x86-64.

Welcome to [1mUbuntu 18.04.6 LTS[0m!

[14785.908123] systemd[1]: Set hostname to <ubuntu>.
[14785.928403] systemd[1]: Initializing machine ID from random generator.
[14785.939848] systemd[1]: Installed transient /etc/machine-id file.
[14786.628088] systemd[1]: Started Forward Password Requests to Wall Directory Watch.
[[0;32m  OK  [0m] Started Forward Password Requests to Wall Directory Watch.
[14786.653432] systemd[1]: Reached target User and Group Name Lookups.
[[0;32m  OK  [0m] Reached target User and Group Name Lookups.
[14786.670759] systemd[1]: Reached target Mounting snaps.
[[0;32m  OK  [0m] Reached target Mounting snaps.
[14786.684500] systemd[1]: Reached target Mounted snaps.
[[0;32m  OK  [0m] Reached target Mounted snaps.
[[0;32m  OK  [0m] Created slice User and Session Slice.
[[0;32m  OK  [0m] Set up automount Arbitrary Executab…rmats File System Automount Point.
[[0;32m  OK  [0m] Created slice System Slice.
[[0;32m  OK  [0m] Listening on udev Control Socket.
[[0;32m  OK  [0m] Listening on fsck to fsckd communication Socket.
[[0;32m  OK  [0m] Listening on Journal Socket (/dev/log).
[[0;32m  OK  [0m] Listening on Journal Audit Socket.
[[0;32m  OK  [0m] Listening on Device-mapper event daemon FIFOs.
[[0;32m  OK  [0m] Listening on Network Service Netlink Socket.
[[0;32m  OK  [0m] Listening on LVM2 metadata daemon socket.
[[0;32m  OK  [0m] Listening on LVM2 poll daemon socket.
[[0;32m  OK  [0m] Listening on Syslog Socket.
[[0;32m  OK  [0m] Created slice system-serial\x2dgetty.slice.
[[0;32m  OK  [0m] Listening on /dev/initctl Compatibility Named Pipe.
[[0;32m  OK  [0m] Listening on Journal Socket.
         Starting Set the console keyboard layout...
         Starting Monitoring of LVM2 mirrors…ng dmeventd or progress polling...
         Starting Uncomplicated firewall...
         Starting File System Check on Root Device...
         Mounting POSIX Message Queue File System...
[[0;32m  OK  [0m] Reached target Slices.
[[0;32m  OK  [0m] Listening on udev Kernel Socket.
         Starting udev Coldplug all Devices...
         Mounting Kernel Debug File System...
         Mounting Huge Pages File System...
         Starting Journal Service...
         Starting Load Kernel Modules...
[[0;32m  OK  [0m] Reached target System Time Synchronized.
         Starting Create list of required st…ce nodes for the current kernel...
[[0;32m  OK  [0m] Reached target Swap.
[[0;32m  OK  [0m] Started Uncomplicated firewall.
[[0;32m  OK  [0m] Mounted POSIX Message Queue File System.
[[0;32m  OK  [0m] Mounted Kernel Debug File System.
[[0;32m  OK  [0m] Mounted Huge Pages File System.
[[0;32m  OK  [0m] Started LVM2 metadata daemon.
[[0;32m  OK  [0m] Started File System Check Daemon to report status.
[[0;32m  OK  [0m] Started Create list of required sta…vice nodes for the current kernel.
         Starting Create Static Device Nodes in /dev...
[[0;32m  OK  [0m] Started Journal Service.
[14787.159998] Loading iSCSI transport class v2.0-870.
[[0;32m  OK  [0m] Started udev Coldplug all Devices.
[[0;32m  OK  [0m] Started File System Check on Root Device.
         Starting Remount Root and Kernel File Systems...
[14787.327429] iscsi: registered transport (tcp)
[[0;32m  OK  [0m] Started Create Static Device Nodes in /dev.
[14787.508507] EXT4-fs (sda1): re-mounted. Opts: (null)
[[0;32m  OK  [0m] Started Remount Root and Kernel File Systems.
         Starting udev Kernel Device Manager...
         Starting Flush Journal to Persistent Storage...
         Starting Load/Save Random Seed...
[[0;32m  OK  [0m] Started Monitoring of LVM2 mirrors,…sing dmeventd or progress polling.
[14787.658892] systemd-journald[423]: Received request to flush runtime journal from PID 1
[14787.768801] iscsi: registered transport (iser)
[[0;32m  OK  [0m] Started Load/Save Random Seed.
[[0;32m  OK  [0m] Started Load Kernel Modules.
         Starting Apply Kernel Variables...
         Mounting FUSE Control File System...
         Mounting Kernel Configuration File System...
[[0;32m  OK  [0m] Mounted FUSE Control File System.
[[0;32m  OK  [0m] Started Flush Journal to Persistent Storage.
[[0;32m  OK  [0m] Started udev Kernel Device Manager.
[[0;32m  OK  [0m] Mounted Kernel Configuration File System.
[[0;32m  OK  [0m] Started Apply Kernel Variables.
[[0;32m  OK  [0m] Found device /dev/ttyS0.
[[0;32m  OK  [0m] Listening on Load/Save RF Kill Switch Status /dev/rfkill Watch.
         Mounting Arbitrary Executable File Formats File System...
[[0;32m  OK  [0m] Mounted Arbitrary Executable File Formats File System.
[[0;32m  OK  [0m] Started Set the console keyboard layout.
[[0;32m  OK  [0m] Started Dispatch Password Requests to Console Directory Watch.
[[0;32m  OK  [0m] Reached target Local Encrypted Volumes.
[[0;32m  OK  [0m] Reached target Local File Systems (Pre).
[[0;32m  OK  [0m] Reached target Local File Systems.
         Starting Create Volatile Files and Directories...
         Starting Tell Plymouth To Write Out Runtime Data...
         Starting ebtables ruleset management...
         Starting Set console font and keymap...
         Starting AppArmor initialization...
         Starting Commit a transient machine-id on disk...
[[0;32m  OK  [0m] Started Tell Plymouth To Write Out Runtime Data.
[[0;32m  OK  [0m] Started Commit a transient machine-id on disk.
[[0;32m  OK  [0m] Started Create Volatile Files and Directories.
         Starting Update UTMP about System Boot/Shutdown...
[[0;32m  OK  [0m] Started Update UTMP about System Boot/Shutdown.
[[0;32m  OK  [0m] Started ebtables ruleset management.
[[0;32m  OK  [0m] Started AppArmor initialization.
         Starting Load AppArmor profiles managed internally by snapd...
         Starting Initial cloud-init job (pre-networking)...
[[0;32m  OK  [0m] Started Load AppArmor profiles managed internally by snapd.
[[0;32m  OK  [0m] Started Set console font and keymap.
[14794.923943] cloud-init[795]: Cloud-init v. 23.1.2-0ubuntu0~18.04.1 running 'init-local' at Wed, 03 Jul 2024 22:32:17 +0000. Up 14794.34 seconds.
[[0;32m  OK  [0m] Started Initial cloud-init job (pre-networking).
[[0;32m  OK  [0m] Reached target Network (Pre).
         Starting Network Service...
[[0;32m  OK  [0m] Started Network Service.
         Starting Network Name Resolution...
         Starting Wait for Network to be Configured...
[[0;32m  OK  [0m] Started Network Name Resolution.
[[0;32m  OK  [0m] Reached target Host and Network Name Lookups.
[[0;32m  OK  [0m] Reached target Network.
[[0;32m  OK  [0m] Started Wait for Network to be Configured.
         Starting Initial cloud-init job (metadata service crawler)...
[14797.622515] cloud-init[940]: Cloud-init v. 23.1.2-0ubuntu0~18.04.1 running 'init' at Wed, 03 Jul 2024 22:32:19 +0000. Up 14797.16 seconds.
[14797.653410] cloud-init[940]: ci-info: ++++++++++++++++++++++++++++++++++++++Net device info+++++++++++++++++++++++++++++++++++++++
[14797.667353] cloud-init[940]: ci-info: +--------+-------+----------------------------+---------------+--------+-------------------+
[14797.681106] cloud-init[940]: ci-info: | Device |   Up  |          Address           |      Mask     | Scope  |     Hw-Address    |
[14797.694275] cloud-init[940]: ci-info: +--------+-------+----------------------------+---------------+--------+-------------------+
[14797.706326] cloud-init[940]: ci-info: | enp0s3 |  True |         10.0.2.15          | 255.255.255.0 | global | 02:3b:7b:b7:3b:2d |
[14797.718664] cloud-init[940]: ci-info: | enp0s3 |  True | fe80::3b:7bff:feb7:3b2d/64 |       .       |  link  | 02:3b:7b:b7:3b:2d |
[14797.734236] cloud-init[940]: ci-info: | enp0s8 | False |             .              |       .       |   .    | 08:00:27:95:e3:c3 |
[14797.749255] cloud-init[940]: ci-info: |   lo   |  True |         127.0.0.1          |   255.0.0.0   |  host  |         .         |
[14797.756956] cloud-init[940]: ci-info: |   lo   |  True |          ::1/128           |       .       |  host  |         .         |
[14797.765312] cloud-init[940]: ci-info: +--------+-------+----------------------------+---------------+--------+-------------------+
[14797.772377] cloud-init[940]: ci-info: ++++++++++++++++++++++++++++Route IPv4 info+++++++++++++++++++++++++++++
[14797.777975] cloud-init[940]: ci-info: +-------+-------------+----------+-----------------+-----------+-------+
[14797.799525] cloud-init[940]: ci-info: | Route | Destination | Gateway  |     Genmask     | Interface | Flags |
[14797.807981] cloud-init[940]: ci-info: +-------+-------------+----------+-----------------+-----------+-------+
[14797.814741] cloud-init[940]: ci-info: |   0   |   0.0.0.0   | 10.0.2.2 |     0.0.0.0     |   enp0s3  |   UG  |
[14797.820776] cloud-init[940]: ci-info: |   1   |   10.0.2.0  | 0.0.0.0  |  255.255.255.0  |   enp0s3  |   U   |
[14797.829093] cloud-init[940]: ci-info: |   2   |   10.0.2.2  | 0.0.0.0  | 255.255.255.255 |   enp0s3  |   UH  |
[14797.837499] cloud-init[940]: ci-info: +-------+-------------+----------+-----------------+-----------+-------+
[14797.849929] cloud-init[940]: ci-info: +++++++++++++++++++Route IPv6 info+++++++++++++++++++
[14797.859347] cloud-init[940]: ci-info: +-------+-------------+---------+-----------+-------+
[14797.868654] cloud-init[940]: ci-info: | Route | Destination | Gateway | Interface | Flags |
[14797.877235] cloud-init[940]: ci-info: +-------+-------------+---------+-----------+-------+
[14797.885980] cloud-init[940]: ci-info: |   1   |  fe80::/64  |    ::   |   enp0s3  |   U   |
[14797.895747] cloud-init[940]: ci-info: |   3   |    local    |    ::   |   enp0s3  |   U   |
[14797.904074] cloud-init[940]: ci-info: |   4   |   ff00::/8  |    ::   |   enp0s3  |   U   |
[14797.913900] cloud-init[940]: ci-info: +-------+-------------+---------+-----------+-------+
[14799.118876] cloud-init[940]: Generating public/private rsa key pair.
[14799.122034] cloud-init[940]: Your identification has been saved in /etc/ssh/ssh_host_rsa_key.
[14799.125462] cloud-init[940]: Your public key has been saved in /etc/ssh/ssh_host_rsa_key.pub.
[14799.129005] cloud-init[940]: The key fingerprint is:
[14799.131175] cloud-init[940]: SHA256:ei2oijF3HM/Zb5rMF/jmnhSoI7S/2JXXbTdhNtavNI0 root@ubuntu-bionic
[14799.134725] cloud-init[940]: The key's randomart image is:
[14799.137035] cloud-init[940]: +---[RSA 2048]----+
[14799.139166] cloud-init[940]: |                 |
[14799.141602] cloud-init[940]: |                 |
[14799.143701] cloud-init[940]: |                 |
[14799.145780] cloud-init[940]: |         .      .|
[14799.147852] cloud-init[940]: |    o   S..    *.|
[14799.149976] cloud-init[940]: |   o = *.o.o .+o+|
[14799.152560] cloud-init[940]: |o . = O *.+.. E.+|
[14799.154551] cloud-init[940]: | = . * * *=. o +.|
[14799.156553] cloud-init[940]: |. ..o +.=B=   .  |
[14799.158560] cloud-init[940]: +----[SHA256]-----+
[14799.161122] cloud-init[940]: Generating public/private dsa key pair.
[14799.163850] cloud-init[940]: Your identification has been saved in /etc/ssh/ssh_host_dsa_key.
[14799.167816] cloud-init[940]: Your public key has been saved in /etc/ssh/ssh_host_dsa_key.pub.
[14799.171504] cloud-init[940]: The key fingerprint is:
[14799.174136] cloud-init[940]: SHA256:0zK2JOkxFCS83lhmSfuVg040me9pKl5BeGkJnZ3qsFk root@ubuntu-bionic
[14799.178864] cloud-init[940]: The key's randomart image is:
[14799.182199] cloud-init[940]: +---[DSA 1024]----+
[14799.184617] cloud-init[940]: |   ...+. = .     |
[14799.187089] cloud-init[940]: |    ...+Boo      |
[14799.193853] cloud-init[940]: |     oo+*= .     |
[14799.196670] cloud-init[940]: |    ..B=E.=      |
[14799.199018] cloud-init[940]: |   . *=XSo.o     |
[14799.201556] cloud-init[940]: |    o.+*+*+      |
[14799.203719] cloud-init[940]: |      . oo       |
[14799.206092] cloud-init[940]: |      ...        |
[14799.208040] cloud-init[940]: |     ...         |
[14799.210206] cloud-init[940]: +----[SHA256]-----+
[14799.212431] cloud-init[940]: Generating public/private ecdsa key pair.
[14799.215766] cloud-init[940]: Your identification has been saved in /etc/ssh/ssh_host_ecdsa_key.
[14799.222962] cloud-init[940]: Your public key has been saved in /etc/ssh/ssh_host_ecdsa_key.pub.
[14799.227364] cloud-init[940]: The key fingerprint is:
[14799.230201] cloud-init[940]: SHA256:VM998eekx5932m8elDpvKPLnRvR85lGNM1RQgybPhbs root@ubuntu-bionic
[14799.234222] cloud-init[940]: The key's randomart image is:
[14799.236633] cloud-init[940]: +---[ECDSA 256]---+
[14799.239059] cloud-init[940]: |          .   +*o|
[14799.241356] cloud-init[940]: |         . + =..+|
[14799.243471] cloud-init[940]: |        .   B.+.*|
[14799.246126] cloud-init[940]: |       .     =+*=|
[14799.248907] cloud-init[940]: |        S   . ===|
[14799.251750] cloud-init[940]: |             Eo==|
[14799.254523] cloud-init[940]: |            .o.=*|
[14799.257480] cloud-init[940]: |         . . +o+*|
[14799.259957] cloud-init[940]: |          o.=.o+=|
[14799.262479] cloud-init[940]: +----[SHA256]-----+
[14799.268231] [[0;32m  OK  [0m] Started Initial cloud-init job (metadata service crawler).
[[0;32m  OK  [0m] Reached target Network is Online.
         Starting Availability of block devices...
[[0;32m  OK  [0m] Reached target Remote File Systems (Pre).
[[0;32m  OK  [0m] Reached target Remote File Systems.
[[0;32m  OK  [0m] Reached target Cloud-config availability.
[[0;32m  OK  [0m] Reached target System Initialization.
[[0;32m  OK  [0m] Started Message of the Day.
         Starting LXD - unix socket.
[[0;32m  OK  [0m] Listening on Open-iSCSI iscsid Socket.
[[0;32m  OK  [0m] Started Daily apt download activities.
[[0;32m  OK  [0m] Started Discard unused blocks once a week.
[[0;32m  OK  [0m] Listening on UUID daemon activation socket.
[[0;32m  OK  [0m] Listening on cloud-init hotplug hook socket.
[[0;32m  OK  [0m] Listening on D-Bus System Message Bus Socket.
[[0;32m  OK  [0m] Started Ubuntu Advantage Timer for running repeated jobs.
[[0;32m  OK  [0m] Started Daily apt upgrade and clean activities.
[[0;32m  OK  [0m] Listening on ACPID Listen Socket.
[[0;32m  OK  [0m] Started ACPI Events Check.
         Starting Socket activation for snappy daemon.
[[0;32m  OK  [0m] Reached target Paths.
[[0;32m  OK  [0m] Started Daily Cleanup of Temporary Directories.
[[0;32m  OK  [0m] Reached target Timers.
         Starting Cleanup of Temporary Directories...
[[0;32m  OK  [0m] Listening on Socket activation for snappy daemon.
[[0;32m  OK  [0m] Started Availability of block devices.
[[0;32m  OK  [0m] Listening on LXD - unix socket.
[[0;32m  OK  [0m] Reached target Sockets.
[[0;32m  OK  [0m] Reached target Basic System.
cloud-init[940]: Generating public/private ed25519 key pair.
[14799.331096] cloud-init[940]:          Starting Login Service...
Your identification has been saved in /etc/ssh/ssh_host_ed25519_key.         Starting Accounts Service...

         Starting LSB: Record successful boot for GRUB...
         Starting Dispatcher daemon for systemd-networkd...
[[0;32m  OK  [0m] Started FUSE filesystem for LXC.
[[0;32m  OK  [0m] Started D-Bus System Message Bus.
[14799.368613] cloud-init[940]: Your public key has been saved in /etc/ssh/ssh_host_ed25519_key.pub.
[14799.382466] cloud-init[940]: The key fingerprint is:
[14799.392791] cloud-init[940]: SHA256:nZLIC9ERoMc/Z/iOxpUNqFW50p+aAb9G5bENiHDkh+4 root@ubuntu-bionic
[14799.400506] cloud-init[940]: The key's randomart image is:
[14799.406867] cloud-init[940]: +--[ED25519 256]--+
[14799.414544] cloud-init[940]: |    .o+. .       |
[14799.421720] cloud-init[940]: |   o.o.oo        |
[14799.432945] cloud-init[940]: |  . +o+=.o       |
[14799.442978] cloud-init[940]: |   . =*+=o+.     |
[14799.445750] cloud-init[940]: |    .oB+SBo*     |
[14799.447996] cloud-init[940]: |    .o **.* .    |
[14799.450451] cloud-init[940]: |     .Eo.=       |
[14799.452880] cloud-init[940]: |      oo=        |
[14799.459402] cloud-init[940]: |     ....        |
[14799.465077] cloud-init[940]: +----[SHA256]-----+
         Starting Snap Daemon...
[[0;32m  OK  [0m] Started Deferred execution scheduler.
         Starting LXD - container startup/shutdown...
         Starting LSB: automatic crash report generation...
         Starting Virtualbox guest utils...
[[0;32m  OK  [0m] Reached target Login Prompts (Pre).
[[0;32m  OK  [0m] Started irqbalance daemon.
[[0;32m  OK  [0m] Started Regular background program processing daemon.
         Starting Pollinate to seed the pseudo random number generator...
         Starting System Logging Service...
         Starting Permit User Sessions...
[[0;32m  OK  [0m] Started System Logging Service.
[[0;32m  OK  [0m] Started Cleanup of Temporary Directories.
[[0;32m  OK  [0m] Started Login Service.
[[0;32m  OK  [0m] Started LSB: automatic crash report generation.
[[0;32m  OK  [0m] Started Permit User Sessions.
         Starting Terminate Plymouth Boot Screen...
         Starting Hold until boot process finishes up...
         Starting Authorization Manager...
[[0;32m  OK  [0m] Started Unattended Upgrades Shutdown.
[[0;32m  OK  [0m] Started LSB: Record successful boot for GRUB.
[[0;32m  OK  [0m] Started Hold until boot process finishes up.
         Starting Set console scheme...
[[0;32m  OK  [0m] Started Serial Getty on ttyS0.
[[0;32m  OK  [0m] Started Terminate Plymouth Boot Screen.
[[0;32m  OK  [0m] Started Set console scheme.
[[0;32m  OK  [0m] Created slice system-getty.slice.
[[0;32m  OK  [0m] Started Getty on tty1.
[[0;32m  OK  [0m] Reached target Login Prompts.
[[0;32m  OK  [0m] Started Authorization Manager.
[[0;32m  OK  [0m] Started Accounts Service.
[[0;32m  OK  [0m] Started Dispatcher daemon for systemd-networkd.
[[0;32m  OK  [0m] Started Virtualbox guest utils.
[[0;32m  OK  [0m] Started LXD - container startup/shutdown.
[[0;32m  OK  [0m] Started Snap Daemon.
         Starting Wait until snapd is fully seeded...
         Starting Time & Date Service...
[[0;32m  OK  [0m] Started Time & Date Service.

Ubuntu 18.04.6 LTS ubuntu-bionic ttyS0

ubuntu-bionic login: [14844.623825] cloud-init[1495]: Cloud-init v. 23.1.2-0ubuntu0~18.04.1 running 'modules:config' at Sat, 06 Jul 2024 17:19:06 +0000. Up 14843.13 seconds.
ci-info: no authorized SSH keys fingerprints found for user ubuntu.
<14>Jul  6 17:19:09 cloud-init: #############################################################
<14>Jul  6 17:19:09 cloud-init: -----BEGIN SSH HOST KEY FINGERPRINTS-----
<14>Jul  6 17:19:09 cloud-init: 1024 SHA256:0zK2JOkxFCS83lhmSfuVg040me9pKl5BeGkJnZ3qsFk root@ubuntu-bionic (DSA)
<14>Jul  6 17:19:09 cloud-init: 256 SHA256:VM998eekx5932m8elDpvKPLnRvR85lGNM1RQgybPhbs root@ubuntu-bionic (ECDSA)
<14>Jul  6 17:19:09 cloud-init: 256 SHA256:nZLIC9ERoMc/Z/iOxpUNqFW50p+aAb9G5bENiHDkh+4 root@ubuntu-bionic (ED25519)
<14>Jul  6 17:19:09 cloud-init: 2048 SHA256:ei2oijF3HM/Zb5rMF/jmnhSoI7S/2JXXbTdhNtavNI0 root@ubuntu-bionic (RSA)
<14>Jul  6 17:19:09 cloud-init: -----END SSH HOST KEY FINGERPRINTS-----
<14>Jul  6 17:19:09 cloud-init: #############################################################
-----BEGIN SSH HOST KEY KEYS-----
ecdsa-sha2-nistp256 AAAAE2VjZHNhLXNoYTItbmlzdHAyNTYAAAAIbmlzdHAyNTYAAABBBNmcEgIrjlMRargW6O2yWfbmiENJFZlaYGTj+yM+6KVkbLw5Jj/b+jNRtPZQ/eUxrIw/EJaePEqvVZMMpF6AIzY= root@ubuntu-bionic
ssh-ed25519 AAAAC3NzaC1lZDI1NTE5AAAAIE+TnYcpiTGAbnTI5114Kr+7N6uqhk25o+60Wclhje8p root@ubuntu-bionic
ssh-rsa AAAAB3NzaC1yc2EAAAADAQABAAABAQDPHMbUK3rXTmvFvOSl+W/rb4jQt+LCoUYfSFKeN7AUTkcmf9FDMRfId4YfVGguPgJCS01Zsir5AoBsjFqo4tMS8EIrEWvS2UPmm1vfBLRngBwkrlhflEmtX4V0Ogmd8azZ0DoiiH7cn1OIpmryc1cLpNxf5OZaM5ZHlFqTPXmwjwNUstVTktsq1hp8IBL2sTUoOEHTbzbcxb1v+crE6/lSzYZGL7feJMLEvccQh3lLE1mL+ewwysVEEHabPKc20xHgW/6R27I/e5CD/tUI4OT+cAtEYqero40i7r653LBpEoKeCyTy04fsIJn8OG8bVydUZ4biVxFhp5h0jQudEVBx root@ubuntu-bionic
-----END SSH HOST KEY KEYS-----
[14846.684100] cloud-init[1547]: Cloud-init v. 23.1.2-0ubuntu0~18.04.1 running 'modules:final' at Sat, 06 Jul 2024 17:19:09 +0000. Up 14846.26 seconds.
[14846.698475] cloud-init[1547]: Cloud-init v. 23.1.2-0ubuntu0~18.04.1 finished at Sat, 06 Jul 2024 17:19:09 +0000. Datasource DataSourceNoCloud [seed=/dev/sdb][dsmode=net].  Up 14846.61 seconds
[[0;32m  OK  [0m] Stopped Unattended Upgrades Shutdown.
[[0;32m  OK  [0m] Stopped target Cloud-init target.
[[0;32m  OK  [0m] Closed Load/Save RF Kill Switch Status /dev/rfkill Watch.
[[0;32m  OK  [0m] Stopped target Host and Network Name Lookups.
[[0;32m  OK  [0m] Stopped target Timers.
[[0;32m  OK  [0m] Stopped Ubuntu Advantage Timer for running repeated jobs.
         Stopping Authorization Manager...
[[0;32m  OK  [0m] Stopped Daily apt upgrade and clean activities.
[[0;32m  OK  [0m] Stopped Daily apt download activities.
         Stopping Availability of block devices...
[[0;32m  OK  [0m] Stopped Daily Cleanup of Temporary Directories.
         Stopping Session 3 of user vagrant.
[[0;32m  OK  [0m] Stopped target Graphical Interface.
         Stopping Accounts Service...
         Stopping User Manager for UID 1000...
         Stopping Session 1 of user vagrant.
[[0;32m  OK  [0m] Stopped Discard unused blocks once a week.
[[0;32m  OK  [0m] Stopped Message of the Day.
[[0;32m  OK  [0m] Stopped target System Time Synchronized.
[[0;32m  OK  [0m] Stopped Execute cloud user/final scripts.
[[0;32m  OK  [0m] Stopped target Multi-User System.
         Stopping LXD - container startup/shutdown...
         Stopping System Logging Service...
         Stopping Deferred execution scheduler...
         Stopping LSB: automatic crash report generation...
         Stopping FUSE filesystem for LXC...
         Stopping LSB: Record successful boot for GRUB...
         Stopping OpenBSD Secure Shell server...
         Stopping Dispatcher daemon for systemd-networkd...
         Stopping Virtualbox guest utils...
         Stopping Regular background program processing daemon...
         Stopping irqbalance daemon...
[[0;32m  OK  [0m] Stopped target Login Prompts.
         Stopping Serial Getty on ttyS0...
         Stopping Getty on tty1...
         Stopping D-Bus System Message Bus...
[[0;32m  OK  [0m] Stopped Apply the settings specified in cloud-config.
[[0;32m  OK  [0m] Stopped Wait until snapd is fully seeded.
[[0;32m  OK  [0m] Stopped target Network is Online.
[[0;32m  OK  [0m] Stopped target Cloud-config availability.
[[0;32m  OK  [0m] Stopped Authorization Manager.
[[0;32m  OK  [0m] Stopped Regular background program processing daemon.
[[0;32m  OK  [0m] Stopped irqbalance daemon.
[[0;32m  OK  [0m] Stopped Getty on tty1.
[[0;32m  OK  [0m] Stopped Serial Getty on ttyS0.
[[0;32m  OK  [0m] Stopped D-Bus System Message Bus.
[[0;32m  OK  [0m] Stopped Session 1 of user vagrant.
[[0;32m  OK  [0m] Unmounted /var/lib/lxcfs.
[[0;32m  OK  [0m] Stopped Dispatcher daemon for systemd-networkd.
[[0;32m  OK  [0m] Stopped Session 3 of user vagrant.
[[0;32m  OK  [0m] Stopped OpenBSD Secure Shell server.
[[0;32m  OK  [0m] Removed slice system-serial\x2dgetty.slice.
[[0;32m  OK  [0m] Stopped target Login Prompts (Pre).
[[0;32m  OK  [0m] Removed slice system-getty.slice.
[[0;32m  OK  [0m] Stopped Deferred execution scheduler.
[[0;32m  OK  [0m] Stopped Accounts Service.
[[0;32m  OK  [0m] Stopped System Logging Service.
[[0;32m  OK  [0m] Stopped LSB: Record successful boot for GRUB.
[[0;32m  OK  [0m] Stopped LXD - container startup/shutdown.
[[0;32m  OK  [0m] Stopped FUSE filesystem for LXC.
[[0;32m  OK  [0m] Stopped LSB: automatic crash report generation.
[[0;32m  OK  [0m] Stopped Virtualbox guest utils.
[[0;32m  OK  [0m] Stopped User Manager for UID 1000.
[[0;32m  OK  [0m] Stopped Availability of block devices.
[[0;32m  OK  [0m] Removed slice User Slice of vagrant.
         Stopping Login Service...
         Stopping Permit User Sessions...
[[0;32m  OK  [0m] Stopped Permit User Sessions.
[[0;32m  OK  [0m] Stopped target Network.
         Stopping Network Name Resolution...
[[0;32m  OK  [0m] Stopped target Remote File Systems.
[[0;32m  OK  [0m] Stopped target Remote File Systems (Pre).
[[0;32m  OK  [0m] Stopped Login Service.
[[0;32m  OK  [0m] Stopped target User and Group Name Lookups.
[[0;32m  OK  [0m] Stopped target Basic System.
[[0;32m  OK  [0m] Stopped target Slices.
[[0;32m  OK  [0m] Removed slice User and Session Slice.
[[0;32m  OK  [0m] Stopped target Sockets.
[[0;32m  OK  [0m] Closed ACPID Listen Socket.
[[0;32m  OK  [0m] Closed Syslog Socket.
[[0;32m  OK  [0m] Closed Open-iSCSI iscsid Socket.
[[0;32m  OK  [0m] Closed cloud-init hotplug hook socket.
[[0;32m  OK  [0m] Closed D-Bus System Message Bus Socket.
[[0;32m  OK  [0m] Closed Socket activation for snappy daemon.
[[0;32m  OK  [0m] Closed UUID daemon activation socket.
[[0;32m  OK  [0m] Closed LXD - unix socket.
[[0;32m  OK  [0m] Stopped target Paths.
[[0;32m  OK  [0m] Stopped ACPI Events Check.
[[0;32m  OK  [0m] Stopped target System Initialization.
[[0;32m  OK  [0m] Stopped Commit a transient machine-id on disk.
         Stopping Update UTMP about System Boot/Shutdown...
         Stopping Load/Save Random Seed...
[[0;32m  OK  [0m] Stopped Initial cloud-init job (metadata service crawler).
[[0;32m  OK  [0m] Stopped Wait for Network to be Configured.
[[0;32m  OK  [0m] Stopped target Local Encrypted Volumes.
[[0;32m  OK  [0m] Stopped Dispatch Password Requests to Console Directory Watch.
[[0;32m  OK  [0m] Stopped Forward Password Requests to Wall Directory Watch.
[[0;32m  OK  [0m] Stopped Network Name Resolution.
[[0;32m  OK  [0m] Stopped Load/Save Random Seed.
[[0;32m  OK  [0m] Stopped Update UTMP about System Boot/Shutdown.
[[0;32m  OK  [0m] Stopped Create Volatile Files and Directories.
[[0;32m  OK  [0m] Stopped target Local File Systems.
         Unmounting /run/user/1000...
[[0;32m  OK  [0m] Stopped target Mounted snaps.
[[0;32m  OK  [0m] Stopped target Mounting snaps.
         Stopping Network Service...
[[0;32m  OK  [0m] Unmounted /run/user/1000.
[[0;32m  OK  [0m] Reached target Unmount All Filesystems.
[[0;32m  OK  [0m] Stopped target Local File Systems (Pre).
[[0;32m  OK  [0m] Stopped Create Static Device Nodes in /dev.
         Stopping Monitoring of LVM2 mirrors…ng dmeventd or progress polling...
[[0;32m  OK  [0m] Stopped target Swap.
[[0;32m  OK  [0m] Stopped Monitoring of LVM2 mirrors,…sing dmeventd or progress polling.
         Stopping LVM2 metadata daemon...
[[0;32m  OK  [0m] Stopped LVM2 metadata daemon.
[[0;32m  OK  [0m] Stopped Network Service.
[[0;32m  OK  [0m] Stopped Apply Kernel Variables.
[[0;32m  OK  [0m] Stopped Load Kernel Modules.
[[0;32m  OK  [0m] Stopped target Network (Pre).
[[0;32m  OK  [0m] Stopped Initial cloud-init job (pre-networking).
[[0;32m  OK  [0m] Stopped Remount Root and Kernel File Systems.
[[0;32m  OK  [0m] Reached target Shutdown.
[[0;32m  OK  [0m] Reached target Final Step.
         Starting Power-Off...
[17304.278268] reboot: Power down
